Сборка начата 27.11.2023 16:48:41.
Уровень детализации журнала: Normal.     1>Проект "C:\Users\yana\Desktop\aisd_8\aisd_8\aisd_8.vcxproj" в узле 2 (целевые объекты Build).
     1>InitializeBuildStatus:
         Создание "x64\Debug\aisd_8.tlog\unsuccessfulbuild", так как было задано "AlwaysCreate".
         Обращение к "x64\Debug\aisd_8.tlog\unsuccessfulbuild".
       ClCompile:
         C:\Program Files\Microsoft Visual Studio\2022\Enterprise\VC\Tools\MSVC\14.37.32822\bin\HostX64\x64\CL.exe /c /ZI /JMC /nologo /W3 /WX- /diagnostics:column /sdl /Od /D _DEBUG /D _CONSOLE /D _UNICODE /D UNICODE /Gm- /EHsc /RTC1 /MDd /GS /fp:precise /Zc:wchar_t /Zc:forScope /Zc:inline /permissive- /Fo"x64\Debug\\" /Fd"x64\Debug\vc143.pdb" /external:W3 /Gd /TP /FC /errorReport:prompt FileName.cpp
         FileName.cpp
     1>C:\Users\yana\Desktop\aisd_8\aisd_8\FileName.cpp(12,2): warning C4091: typedef : пропускается слева от "items", когда ни одна переменная не объявлена
     1>C:\Users\yana\Desktop\aisd_8\aisd_8\FileName.cpp(62,1): warning C4326: возвращаемый тип "main" должен быть "int", а не "void"
       Link:
         C:\Program Files\Microsoft Visual Studio\2022\Enterprise\VC\Tools\MSVC\14.37.32822\bin\HostX64\x64\link.exe /ERRORREPORT:PROMPT /OUT:"C:\Users\yana\Desktop\aisd_8\x64\Debug\aisd_8.exe" /INCREMENTAL /ILK:"x64\Debug\aisd_8.ilk" /NOLOGO kernel32.lib user32.lib gdi32.lib winspool.lib comdlg32.lib advapi32.lib shell32.lib ole32.lib oleaut32.lib uuid.lib odbc32.lib odbccp32.lib /MANIFEST /MANIFESTUAC:"level='asInvoker' uiAccess='false'" /manifest:embed /DEBUG /PDB:"C:\Users\yana\Desktop\aisd_8\x64\Debug\aisd_8.pdb" /SUBSYSTEM:CONSOLE /TLBID:1 /DYNAMICBASE /NXCOMPAT /IMPLIB:"C:\Users\yana\Desktop\aisd_8\x64\Debug\aisd_8.lib" /MACHINE:X64 x64\Debug\FileName.obj
         aisd_8.vcxproj -> C:\Users\yana\Desktop\aisd_8\x64\Debug\aisd_8.exe
       FinalizeBuildStatus:
         Файл "x64\Debug\aisd_8.tlog\unsuccessfulbuild" удаляется.
         Обращение к "x64\Debug\aisd_8.tlog\aisd_8.lastbuildstate".
     1>Сборка проекта "C:\Users\yana\Desktop\aisd_8\aisd_8\aisd_8.vcxproj" завершена (целевые объекты Build).

Сборка успешно завершена.

       "C:\Users\yana\Desktop\aisd_8\aisd_8\aisd_8.vcxproj" (целевой объект Build ) (1) ->
       (Целевой объект ClCompile) -> 
         C:\Users\yana\Desktop\aisd_8\aisd_8\FileName.cpp(12,2): warning C4091: typedef : пропускается слева от "items", когда ни одна переменная не объявлена
         C:\Users\yana\Desktop\aisd_8\aisd_8\FileName.cpp(62,1): warning C4326: возвращаемый тип "main" должен быть "int", а не "void"

    Предупреждений: 2
    Ошибок: 0

Прошло времени 00:00:01.90
