Сборка начата 25.11.2023 20:15:59.
Уровень детализации журнала: Normal.     1>Проект "C:\Users\yana\Desktop\aisd_8\aisd_8\aisd_8.vcxproj" в узле 2 (целевые объекты Rebuild).
     1>_PrepareForClean:
         Файл "Debug\aisd_8.tlog\aisd_8.lastbuildstate" удаляется.
       InitializeBuildStatus:
         Создание "Debug\aisd_8.tlog\unsuccessfulbuild", так как было задано "AlwaysCreate".
         Обращение к "Debug\aisd_8.tlog\unsuccessfulbuild".
       ClCompile:
         C:\Program Files\Microsoft Visual Studio\2022\Enterprise\VC\Tools\MSVC\14.37.32822\bin\HostX86\x86\CL.exe /c /ZI /JMC /nologo /W3 /WX- /diagnostics:column /sdl /Od /Oy- /D WIN32 /D _DEBUG /D _CONSOLE /D _UNICODE /D UNICODE /Gm- /EHsc /RTC1 /MDd /GS /fp:precise /Zc:wchar_t /Zc:forScope /Zc:inline /permissive- /Fo"Debug\\" /Fd"Debug\vc143.pdb" /external:W3 /Gd /TP /analyze- /FC /errorReport:prompt FileName.cpp
         FileName.cpp
     1>C:\Users\yana\Desktop\aisd_8\aisd_8\FileName.cpp(12,2): warning C4091: typedef : пропускается слева от "items", когда ни одна переменная не объявлена
     1>C:\Users\yana\Desktop\aisd_8\aisd_8\FileName.cpp(63,1): warning C4326: возвращаемый тип "main" должен быть "int", а не "void"
       Link:
         C:\Program Files\Microsoft Visual Studio\2022\Enterprise\VC\Tools\MSVC\14.37.32822\bin\HostX86\x86\link.exe /ERRORREPORT:PROMPT /OUT:"C:\Users\yana\Desktop\aisd_8\Debug\aisd_8.exe" /INCREMENTAL /ILK:"Debug\aisd_8.ilk" /NOLOGO kernel32.lib user32.lib gdi32.lib winspool.lib comdlg32.lib advapi32.lib shell32.lib ole32.lib oleaut32.lib uuid.lib odbc32.lib odbccp32.lib /MANIFEST /MANIFESTUAC:"level='asInvoker' uiAccess='false'" /manifest:embed /DEBUG /PDB:"C:\Users\yana\Desktop\aisd_8\Debug\aisd_8.pdb" /SUBSYSTEM:CONSOLE /TLBID:1 /DYNAMICBASE /NXCOMPAT /IMPLIB:"C:\Users\yana\Desktop\aisd_8\Debug\aisd_8.lib" /MACHINE:X86 Debug\FileName.obj
         aisd_8.vcxproj -> C:\Users\yana\Desktop\aisd_8\Debug\aisd_8.exe
       FinalizeBuildStatus:
         Файл "Debug\aisd_8.tlog\unsuccessfulbuild" удаляется.
         Обращение к "Debug\aisd_8.tlog\aisd_8.lastbuildstate".
     1>Сборка проекта "C:\Users\yana\Desktop\aisd_8\aisd_8\aisd_8.vcxproj" завершена (целевые объекты Rebuild).

Сборка успешно завершена.

       "C:\Users\yana\Desktop\aisd_8\aisd_8\aisd_8.vcxproj" (целевой объект Rebuild ) (1) ->
       (Целевой объект ClCompile) -> 
         C:\Users\yana\Desktop\aisd_8\aisd_8\FileName.cpp(12,2): warning C4091: typedef : пропускается слева от "items", когда ни одна переменная не объявлена
         C:\Users\yana\Desktop\aisd_8\aisd_8\FileName.cpp(63,1): warning C4326: возвращаемый тип "main" должен быть "int", а не "void"

    Предупреждений: 2
    Ошибок: 0

Прошло времени 00:00:01.95
