Сборка начата 18.12.2023 17:30:54.
Уровень детализации журнала: Normal.     1>Проект "C:\Users\yana\Desktop\--\9 аисд\Lab9\Lab9\Lab9.vcxproj" в узле 2 (целевые объекты Build).
     1>InitializeBuildStatus:
         Создание "Debug\Lab9.tlog\unsuccessfulbuild", так как было задано "AlwaysCreate".
         Обращение к "Debug\Lab9.tlog\unsuccessfulbuild".
       ClCompile:
         C:\Program Files\Microsoft Visual Studio\2022\Enterprise\VC\Tools\MSVC\14.37.32822\bin\HostX86\x86\CL.exe /c /ZI /JMC /nologo /W3 /WX- /diagnostics:column /sdl /Od /Oy- /D WIN32 /D _DEBUG /D _CONSOLE /D _UNICODE /D UNICODE /Gm- /EHsc /RTC1 /MDd /GS /fp:precise /Zc:wchar_t /Zc:forScope /Zc:inline /permissive- /Fo"Debug\\" /Fd"Debug\vc143.pdb" /external:W3 /Gd /TP /analyze- /FC /errorReport:prompt Lab9.cpp
         Lab9.cpp
     1>C:\Users\yana\Desktop\--\9 аисд\Lab9\Lab9\Lab9.cpp(48,20): warning C4018: <: несоответствие типов со знаком и без знака
     1>C:\Users\yana\Desktop\--\9 аисд\Lab9\Lab9\Lab9.cpp(89,20): warning C4018: <: несоответствие типов со знаком и без знака
       Link:
         C:\Program Files\Microsoft Visual Studio\2022\Enterprise\VC\Tools\MSVC\14.37.32822\bin\HostX86\x86\link.exe /ERRORREPORT:PROMPT /OUT:"C:\Users\yana\Desktop\--\9 аисд\Lab9\Debug\Lab9.exe" /INCREMENTAL /ILK:"Debug\Lab9.ilk" /NOLOGO kernel32.lib user32.lib gdi32.lib winspool.lib comdlg32.lib advapi32.lib shell32.lib ole32.lib oleaut32.lib uuid.lib odbc32.lib odbccp32.lib /MANIFEST /MANIFESTUAC:"level='asInvoker' uiAccess='false'" /manifest:embed /DEBUG /PDB:"C:\Users\yana\Desktop\--\9 аисд\Lab9\Debug\Lab9.pdb" /SUBSYSTEM:CONSOLE /TLBID:1 /DYNAMICBASE /NXCOMPAT /IMPLIB:"C:\Users\yana\Desktop\--\9 аисд\Lab9\Debug\Lab9.lib" /MACHINE:X86 Debug\Lab9.obj
         Lab9.vcxproj -> C:\Users\yana\Desktop\--\9 аисд\Lab9\Debug\Lab9.exe
       TlogCleanup:
         Следующие элементы будут удалены из tlogs, так как они были удалены из проекта или сборки: C:\Users\yana\Desktop\9 аисд\Lab9\Lab9\Lab9.cpp.
       FinalizeBuildStatus:
         Файл "Debug\Lab9.tlog\unsuccessfulbuild" удаляется.
         Обращение к "Debug\Lab9.tlog\Lab9.lastbuildstate".
     1>Сборка проекта "C:\Users\yana\Desktop\--\9 аисд\Lab9\Lab9\Lab9.vcxproj" завершена (целевые объекты Build).

Сборка успешно завершена.

       "C:\Users\yana\Desktop\--\9 аисд\Lab9\Lab9\Lab9.vcxproj" (целевой объект Build ) (1) ->
       (Целевой объект ClCompile) -> 
         C:\Users\yana\Desktop\--\9 аисд\Lab9\Lab9\Lab9.cpp(48,20): warning C4018: <: несоответствие типов со знаком и без знака
         C:\Users\yana\Desktop\--\9 аисд\Lab9\Lab9\Lab9.cpp(89,20): warning C4018: <: несоответствие типов со знаком и без знака

    Предупреждений: 2
    Ошибок: 0

Прошло времени 00:00:02.47
