Сборка начата 01.10.2023 14:44:36.
Уровень детализации журнала: Normal.     1>Проект "C:\Users\yana\Desktop\4 аисд\4 аисд\4 аисд.vcxproj" в узле 2 (целевые объекты Build).
     1>PrepareForBuild:
         Создание каталога "C:\Users\yana\Desktop\4 аисд\x64\Debug\".
         Создание каталога "x64\Debug\4 аисд.tlog\".
       InitializeBuildStatus:
         Создание "x64\Debug\4 аисд.tlog\unsuccessfulbuild", так как было задано "AlwaysCreate".
         Обращение к "x64\Debug\4 аисд.tlog\unsuccessfulbuild".
       ClCompile:
         C:\Program Files\Microsoft Visual Studio\2022\Enterprise\VC\Tools\MSVC\14.37.32822\bin\HostX64\x64\CL.exe /c /ZI /JMC /nologo /W3 /WX- /diagnostics:column /sdl /Od /D _DEBUG /D _CONSOLE /D _UNICODE /D UNICODE /Gm- /EHsc /RTC1 /MDd /GS /fp:precise /Zc:wchar_t /Zc:forScope /Zc:inline /permissive- /Fo"x64\Debug\\" /Fd"x64\Debug\vc143.pdb" /external:W3 /Gd /TP /FC /errorReport:prompt FileName.cpp
         FileName.cpp
       Link:
         C:\Program Files\Microsoft Visual Studio\2022\Enterprise\VC\Tools\MSVC\14.37.32822\bin\HostX64\x64\link.exe /ERRORREPORT:PROMPT /OUT:"C:\Users\yana\Desktop\4 аисд\x64\Debug\4 аисд.exe" /INCREMENTAL /ILK:"x64\Debug\4 аисд.ilk" /NOLOGO kernel32.lib user32.lib gdi32.lib winspool.lib comdlg32.lib advapi32.lib shell32.lib ole32.lib oleaut32.lib uuid.lib odbc32.lib odbccp32.lib /MANIFEST /MANIFESTUAC:"level='asInvoker' uiAccess='false'" /manifest:embed /DEBUG /PDB:"C:\Users\yana\Desktop\4 аисд\x64\Debug\4 аисд.pdb" /SUBSYSTEM:CONSOLE /TLBID:1 /DYNAMICBASE /NXCOMPAT /IMPLIB:"C:\Users\yana\Desktop\4 аисд\x64\Debug\4 аисд.lib" /MACHINE:X64 x64\Debug\FileName.obj
         4 аисд.vcxproj -> C:\Users\yana\Desktop\4 аисд\x64\Debug\4 аисд.exe
       FinalizeBuildStatus:
         Файл "x64\Debug\4 аисд.tlog\unsuccessfulbuild" удаляется.
         Обращение к "x64\Debug\4 аисд.tlog\4 аисд.lastbuildstate".
     1>Сборка проекта "C:\Users\yana\Desktop\4 аисд\4 аисд\4 аисд.vcxproj" завершена (целевые объекты Build).

Сборка успешно завершена.
    Предупреждений: 0
    Ошибок: 0

Прошло времени 00:00:01.94
